Using pre-set license
Built from '2021.1/staging' branch; Version is '2021.1.0b4 (6d90c0720bd4) revision 7180480'; Using compiler version '192528614'; Build Type 'Release'
OS: 'Windows 10 Home; OS build 19041.746; Version 2004; 64bit' Language: 'pl' Physical Memory: 16189 MB
BatchMode: 1, IsHumanControllingUs: 0, StartBugReporterOnCrash: 0, Is64bit: 1, IsPro: 0

 COMMAND LINE ARGUMENTS:
C:\Program Files\Unity\Hub\Editor\2021.1.0b4\Editor\Unity.exe
-adb2
-batchMode
-noUpm
-name
AssetImportWorker0
-projectPath
D:/ProjektyGier/GameJam 2021/GameJam2021/GameJam2021
-logFile
Logs/AssetImportWorker0.log
-srvPort
62041
Successfully changed project path to: D:/ProjektyGier/GameJam 2021/GameJam2021/GameJam2021
D:/ProjektyGier/GameJam 2021/GameJam2021/GameJam2021
Using Asset Import Pipeline V2.
Refreshing native plugins compatible for Editor in 139.28 ms, found 1 plugins.
Preloading 0 native plugins for Editor in 0.00 ms.
Initialize engine version: 2021.1.0b4 (6d90c0720bd4)
[Subsystems] Discovering subsystems at path C:/Program Files/Unity/Hub/Editor/2021.1.0b4/Editor/Data/Resources/UnitySubsystems
[Subsystems] Discovering subsystems at path D:/ProjektyGier/GameJam 2021/GameJam2021/GameJam2021/Assets
GfxDevice: creating device client; threaded=0; jobified=0
Direct3D:
    Version:  Direct3D 11.0 [level 11.1]
    Renderer: NVIDIA GeForce GTX 1650 (ID=0x1f91)
    Vendor:   NVIDIA
    VRAM:     3962 MB
    Driver:   27.21.14.6089
Initialize mono
Mono path[0] = 'C:/Program Files/Unity/Hub/Editor/2021.1.0b4/Editor/Data/Managed'
Mono path[1] = 'C:/Program Files/Unity/Hub/Editor/2021.1.0b4/Editor/Data/MonoBleedingEdge/lib/mono/unityjit'
Mono config path = 'C:/Program Files/Unity/Hub/Editor/2021.1.0b4/Editor/Data/MonoBleedingEdge/etc'
Using monoOptions --debugger-agent=transport=dt_socket,embedding=1,server=y,suspend=n,address=127.0.0.1:56968
Begin MonoManager ReloadAssembly
Registering precompiled unity dll's ...
Register platform support module: C:/Program Files/Unity/Hub/Editor/2021.1.0b4/Editor/Data/PlaybackEngines/WindowsStandaloneSupport/UnityEditor.WindowsStandalone.Extensions.dll
Registered in 0.003495 seconds.
Native extension for WindowsStandalone target not found
Refreshing native plugins compatible for Editor in 100.28 ms, found 1 plugins.
Preloading 0 native plugins for Editor in 0.00 ms.
Mono: successfully reloaded assembly
- Completed reload, in  1.916 seconds
Platform modules already initialized, skipping
Registering precompiled user dll's ...
Registered in 0.003984 seconds.
Begin MonoManager ReloadAssembly
Native extension for WindowsStandalone target not found
Refreshing native plugins compatible for Editor in 0.96 ms, found 1 plugins.
Preloading 0 native plugins for Editor in 0.00 ms.
Mono: successfully reloaded assembly
- Completed reload, in  1.441 seconds
Platform modules already initialized, skipping
========================================================================
Worker process is ready to serve import requests
Launched and connected shader compiler UnityShaderCompiler.exe after 0.06 seconds
Refreshing native plugins compatible for Editor in 0.91 ms, found 1 plugins.
Preloading 0 native plugins for Editor in 0.00 ms.
Unloading 2647 Unused Serialized files (Serialized files now loaded: 0)
System memory in use before: 229.7 MB.
System memory in use after: 229.9 MB.

Unloading 15 unused Assets to reduce memory usage. Loaded Objects now: 3097.
Total: 3.126600 ms (FindLiveObjects: 0.346200 ms CreateObjectMapping: 0.117900 ms MarkObjects: 2.553400 ms  DeleteObjects: 0.107500 ms)

========================================================================
Received Import Request.
  path: Assets/Scenes/Menu.unity
  artifactKey: Guid(2a9398f0e73537d4eb3638182887944f) Importer(815301076,1909f56bfc062723c751e8b465ee728b)
Start importing Assets/Scenes/Menu.unity using Guid(2a9398f0e73537d4eb3638182887944f) Importer(815301076,1909f56bfc062723c751e8b465ee728b)  -> (artifact id: '245b049b14b6bff9b73e57519fc9bc5a') in 0.022595 seconds 
========================================================================
Received Import Request.
  Time since last request: 89.029882 seconds.
  path: Assets/Backgrounds/Menu_Background.bmp
  artifactKey: Guid(788a508935d9a294c8a3f78224248ede) Importer(815301076,1909f56bfc062723c751e8b465ee728b)
Start importing Assets/Backgrounds/Menu_Background.bmp using Guid(788a508935d9a294c8a3f78224248ede) Importer(815301076,1909f56bfc062723c751e8b465ee728b)  -> (artifact id: 'c3afa1afdbb74942e501d973e1b29c03') in 0.124857 seconds 
========================================================================
Received Import Request.
  Time since last request: 13.115347 seconds.
  path: Assets/Backgrounds/Menu_Background.bmp
  artifactKey: Guid(788a508935d9a294c8a3f78224248ede) Importer(815301076,1909f56bfc062723c751e8b465ee728b)
Start importing Assets/Backgrounds/Menu_Background.bmp using Guid(788a508935d9a294c8a3f78224248ede) Importer(815301076,1909f56bfc062723c751e8b465ee728b)  -> (artifact id: 'cb9df5e3a0358ab1571a10f4ce4c9dd8') in 0.084635 seconds 
========================================================================
Received Import Request.
  Time since last request: 739.040955 seconds.
  path: Assets/Scripts/Menu_Script.cs
  artifactKey: Guid(7cf0ed4b0cf10d24eaa58a1f0c74b76e) Importer(815301076,1909f56bfc062723c751e8b465ee728b)
Start importing Assets/Scripts/Menu_Script.cs using Guid(7cf0ed4b0cf10d24eaa58a1f0c74b76e) Importer(815301076,1909f56bfc062723c751e8b465ee728b)  -> (artifact id: 'a4bd9ea1a67c21c7554da60582233d12') in 0.010853 seconds 
========================================================================
Received Prepare
Registering precompiled user dll's ...
Registered in 0.003141 seconds.
Begin MonoManager ReloadAssembly
Native extension for WindowsStandalone target not found
Refreshing native plugins compatible for Editor in 1.03 ms, found 1 plugins.
Preloading 0 native plugins for Editor in 0.00 ms.
Mono: successfully reloaded assembly
- Completed reload, in  2.319 seconds
Platform modules already initialized, skipping
Refreshing native plugins compatible for Editor in 0.95 ms, found 1 plugins.
Preloading 0 native plugins for Editor in 0.00 ms.
Unloading 2643 Unused Serialized files (Serialized files now loaded: 0)
System memory in use before: 234.9 MB.
System memory in use after: 235.1 MB.

Unloading 10 unused Assets to reduce memory usage. Loaded Objects now: 3135.
Total: 3.438800 ms (FindLiveObjects: 0.361100 ms CreateObjectMapping: 0.120600 ms MarkObjects: 2.875600 ms  DeleteObjects: 0.079900 ms)

========================================================================
Received Import Request.
  Time since last request: 12.330178 seconds.
  path: Assets/Scenes/SampleScene.unity
  artifactKey: Guid(9fc0d4010bbf28b4594072e72b8655ab) Importer(815301076,1909f56bfc062723c751e8b465ee728b)
Start importing Assets/Scenes/SampleScene.unity using Guid(9fc0d4010bbf28b4594072e72b8655ab) Importer(815301076,1909f56bfc062723c751e8b465ee728b)  -> (artifact id: '2a2ed98ee26a8b606d6b074edfc43fe5') in 0.017736 seconds 
========================================================================
Received Prepare
Registering precompiled user dll's ...
Registered in 0.003280 seconds.
Begin MonoManager ReloadAssembly
Native extension for WindowsStandalone target not found
Refreshing native plugins compatible for Editor in 0.61 ms, found 1 plugins.
Preloading 0 native plugins for Editor in 0.00 ms.
Mono: successfully reloaded assembly
- Completed reload, in  1.480 seconds
Platform modules already initialized, skipping
Refreshing native plugins compatible for Editor in 0.87 ms, found 1 plugins.
Preloading 0 native plugins for Editor in 0.00 ms.
Unloading 2642 Unused Serialized files (Serialized files now loaded: 0)
System memory in use before: 234.9 MB.
System memory in use after: 235.1 MB.

Unloading 10 unused Assets to reduce memory usage. Loaded Objects now: 3137.
Total: 3.508600 ms (FindLiveObjects: 0.419100 ms CreateObjectMapping: 0.217500 ms MarkObjects: 2.785400 ms  DeleteObjects: 0.085000 ms)

========================================================================
Received Prepare
Registering precompiled user dll's ...
Registered in 0.002812 seconds.
Begin MonoManager ReloadAssembly
Native extension for WindowsStandalone target not found
Refreshing native plugins compatible for Editor in 0.95 ms, found 1 plugins.
Preloading 0 native plugins for Editor in 0.00 ms.
Mono: successfully reloaded assembly
- Completed reload, in  1.792 seconds
Platform modules already initialized, skipping
Refreshing native plugins compatible for Editor in 0.57 ms, found 1 plugins.
Preloading 0 native plugins for Editor in 0.00 ms.
Unloading 2642 Unused Serialized files (Serialized files now loaded: 0)
System memory in use before: 234.9 MB.
System memory in use after: 235.1 MB.

Unloading 10 unused Assets to reduce memory usage. Loaded Objects now: 3139.
Total: 4.615800 ms (FindLiveObjects: 0.654800 ms CreateObjectMapping: 0.320700 ms MarkObjects: 3.541500 ms  DeleteObjects: 0.095400 ms)

AssetImportWorkerClient::OnTransportError - code=2 error=End of file
