Using pre-set license
Built from '2021.1/staging' branch; Version is '2021.1.0b4 (6d90c0720bd4) revision 7180480'; Using compiler version '192528614'; Build Type 'Release'
OS: 'Windows 10 Home; OS build 19041.746; Version 2004; 64bit' Language: 'pl' Physical Memory: 16189 MB
BatchMode: 1, IsHumanControllingUs: 0, StartBugReporterOnCrash: 0, Is64bit: 1, IsPro: 0

 COMMAND LINE ARGUMENTS:
C:\Program Files\Unity\Hub\Editor\2021.1.0b4\Editor\Unity.exe
-adb2
-batchMode
-noUpm
-name
AssetImportWorker0
-projectPath
D:/ProjektyGier/GameJam2021/GameJam2021
-logFile
Logs/AssetImportWorker0.log
-srvPort
49873
Successfully changed project path to: D:/ProjektyGier/GameJam2021/GameJam2021
D:/ProjektyGier/GameJam2021/GameJam2021
Using Asset Import Pipeline V2.
Refreshing native plugins compatible for Editor in 95.64 ms, found 1 plugins.
Preloading 0 native plugins for Editor in 0.00 ms.
Initialize engine version: 2021.1.0b4 (6d90c0720bd4)
[Subsystems] Discovering subsystems at path C:/Program Files/Unity/Hub/Editor/2021.1.0b4/Editor/Data/Resources/UnitySubsystems
[Subsystems] Discovering subsystems at path D:/ProjektyGier/GameJam2021/GameJam2021/Assets
GfxDevice: creating device client; threaded=0; jobified=0
Direct3D:
    Version:  Direct3D 11.0 [level 11.1]
    Renderer: NVIDIA GeForce GTX 1650 (ID=0x1f91)
    Vendor:   NVIDIA
    VRAM:     3962 MB
    Driver:   27.21.14.6089
Initialize mono
Mono path[0] = 'C:/Program Files/Unity/Hub/Editor/2021.1.0b4/Editor/Data/Managed'
Mono path[1] = 'C:/Program Files/Unity/Hub/Editor/2021.1.0b4/Editor/Data/MonoBleedingEdge/lib/mono/unityjit'
Mono config path = 'C:/Program Files/Unity/Hub/Editor/2021.1.0b4/Editor/Data/MonoBleedingEdge/etc'
Using monoOptions --debugger-agent=transport=dt_socket,embedding=1,server=y,suspend=n,address=127.0.0.1:56768
Begin MonoManager ReloadAssembly
Registering precompiled unity dll's ...
Register platform support module: C:/Program Files/Unity/Hub/Editor/2021.1.0b4/Editor/Data/PlaybackEngines/WindowsStandaloneSupport/UnityEditor.WindowsStandalone.Extensions.dll
Registered in 0.003146 seconds.
Native extension for WindowsStandalone target not found
Refreshing native plugins compatible for Editor in 84.69 ms, found 1 plugins.
Preloading 0 native plugins for Editor in 0.00 ms.
Mono: successfully reloaded assembly
- Completed reload, in  1.758 seconds
Platform modules already initialized, skipping
Registering precompiled user dll's ...
Registered in 0.003588 seconds.
Begin MonoManager ReloadAssembly
Native extension for WindowsStandalone target not found
Refreshing native plugins compatible for Editor in 0.55 ms, found 1 plugins.
Preloading 0 native plugins for Editor in 0.00 ms.
Mono: successfully reloaded assembly
- Completed reload, in  1.246 seconds
Platform modules already initialized, skipping
========================================================================
Worker process is ready to serve import requests
Launched and connected shader compiler UnityShaderCompiler.exe after 0.06 seconds
Refreshing native plugins compatible for Editor in 0.58 ms, found 1 plugins.
Preloading 0 native plugins for Editor in 0.00 ms.
Unloading 2650 Unused Serialized files (Serialized files now loaded: 0)
System memory in use before: 229.7 MB.
System memory in use after: 229.9 MB.

Unloading 14 unused Assets to reduce memory usage. Loaded Objects now: 3101.
Total: 2.736300 ms (FindLiveObjects: 0.303800 ms CreateObjectMapping: 0.122000 ms MarkObjects: 2.230500 ms  DeleteObjects: 0.078500 ms)

========================================================================
Received Import Request.
  path: Assets/Scripts/Menu_Script.cs
  artifactKey: Guid(7cf0ed4b0cf10d24eaa58a1f0c74b76e) Importer(815301076,1909f56bfc062723c751e8b465ee728b)
Start importing Assets/Scripts/Menu_Script.cs using Guid(7cf0ed4b0cf10d24eaa58a1f0c74b76e) Importer(815301076,1909f56bfc062723c751e8b465ee728b)  -> (artifact id: '260e355958c84b9d8fdbf6a9700676fe') in 0.025250 seconds 
========================================================================
Received Import Request.
  Time since last request: 0.016406 seconds.
  path: Assets/Scripts/FinalScore.cs
  artifactKey: Guid(63558f2a56d781f40988af572be50c02) Importer(815301076,1909f56bfc062723c751e8b465ee728b)
Start importing Assets/Scripts/FinalScore.cs using Guid(63558f2a56d781f40988af572be50c02) Importer(815301076,1909f56bfc062723c751e8b465ee728b)  -> (artifact id: '8c389bc51be5be3d571bf62d69c45449') in 0.003800 seconds 
========================================================================
Received Import Request.
  Time since last request: 26.409403 seconds.
  path: Assets/Scenes/SampleScene.unity
  artifactKey: Guid(9fc0d4010bbf28b4594072e72b8655ab) Importer(815301076,1909f56bfc062723c751e8b465ee728b)
Start importing Assets/Scenes/SampleScene.unity using Guid(9fc0d4010bbf28b4594072e72b8655ab) Importer(815301076,1909f56bfc062723c751e8b465ee728b)  -> (artifact id: '6bc36c35d87020f363afdcd11829a85a') in 0.013021 seconds 
========================================================================
Received Import Request.
  Time since last request: 1.367971 seconds.
  path: Assets/Scenes/Menu.unity
  artifactKey: Guid(2a9398f0e73537d4eb3638182887944f) Importer(815301076,1909f56bfc062723c751e8b465ee728b)
Start importing Assets/Scenes/Menu.unity using Guid(2a9398f0e73537d4eb3638182887944f) Importer(815301076,1909f56bfc062723c751e8b465ee728b)  -> (artifact id: 'b61bf41674965cf40fead99d263dee04') in 0.004523 seconds 
========================================================================
Received Import Request.
  Time since last request: 1.555014 seconds.
  path: Assets/Scenes/GameOver.unity
  artifactKey: Guid(92f1ad57f4c8eb34d8913d7584a5dbd0) Importer(815301076,1909f56bfc062723c751e8b465ee728b)
Start importing Assets/Scenes/GameOver.unity using Guid(92f1ad57f4c8eb34d8913d7584a5dbd0) Importer(815301076,1909f56bfc062723c751e8b465ee728b)  -> (artifact id: '527a53111fb0eecc2b2d94ecc9194255') in 0.005092 seconds 
========================================================================
Received Import Request.
  Time since last request: 56.947284 seconds.
  path: Assets/Scripts/FinalScore.cs
  artifactKey: Guid(63558f2a56d781f40988af572be50c02) Importer(815301076,1909f56bfc062723c751e8b465ee728b)
Start importing Assets/Scripts/FinalScore.cs using Guid(63558f2a56d781f40988af572be50c02) Importer(815301076,1909f56bfc062723c751e8b465ee728b)  -> (artifact id: '96d2ee39c797cf32a335114d8942f386') in 0.120808 seconds 
========================================================================
Received Prepare
Registering precompiled user dll's ...
Registered in 0.003814 seconds.
Begin MonoManager ReloadAssembly
Native extension for WindowsStandalone target not found
Refreshing native plugins compatible for Editor in 0.62 ms, found 1 plugins.
Preloading 0 native plugins for Editor in 0.00 ms.
Mono: successfully reloaded assembly
- Completed reload, in  1.267 seconds
Platform modules already initialized, skipping
Refreshing native plugins compatible for Editor in 1.02 ms, found 1 plugins.
Preloading 0 native plugins for Editor in 0.00 ms.
Unloading 2644 Unused Serialized files (Serialized files now loaded: 0)
System memory in use before: 229.6 MB.
System memory in use after: 229.9 MB.

Unloading 9 unused Assets to reduce memory usage. Loaded Objects now: 3103.
Total: 4.865700 ms (FindLiveObjects: 0.803800 ms CreateObjectMapping: 0.352500 ms MarkObjects: 3.667900 ms  DeleteObjects: 0.039100 ms)

========================================================================
Received Prepare
Registering precompiled user dll's ...
Registered in 0.003207 seconds.
Begin MonoManager ReloadAssembly
Native extension for WindowsStandalone target not found
Refreshing native plugins compatible for Editor in 0.56 ms, found 1 plugins.
Preloading 0 native plugins for Editor in 0.00 ms.
Mono: successfully reloaded assembly
- Completed reload, in  1.186 seconds
Platform modules already initialized, skipping
Refreshing native plugins compatible for Editor in 0.56 ms, found 1 plugins.
Preloading 0 native plugins for Editor in 0.00 ms.
Unloading 2644 Unused Serialized files (Serialized files now loaded: 0)
System memory in use before: 229.7 MB.
System memory in use after: 229.9 MB.

Unloading 9 unused Assets to reduce memory usage. Loaded Objects now: 3105.
Total: 2.989800 ms (FindLiveObjects: 0.319200 ms CreateObjectMapping: 0.095800 ms MarkObjects: 2.540800 ms  DeleteObjects: 0.032500 ms)

========================================================================
Received Import Request.
  Time since last request: 74.145315 seconds.
  path: Assets/Scenes/GameOver.unity
  artifactKey: Guid(92f1ad57f4c8eb34d8913d7584a5dbd0) Importer(815301076,1909f56bfc062723c751e8b465ee728b)
Start importing Assets/Scenes/GameOver.unity using Guid(92f1ad57f4c8eb34d8913d7584a5dbd0) Importer(815301076,1909f56bfc062723c751e8b465ee728b)  -> (artifact id: '70560b59947b69cb0d9d65ec84e7a06a') in 0.015627 seconds 
AssetImportWorkerClient::OnTransportError - code=2 error=End of file
